  tinyhsp.c
c:\users\dolphilia\documents\github\tinyhsp\prototype\14_tinyhsp_ex\tinyhsp\tinyhsp\tinyhsp.c(804): warning C4018: '<': signed と unsigned の数値を比較しようとしました。
c:\users\dolphilia\documents\github\tinyhsp\prototype\14_tinyhsp_ex\tinyhsp\tinyhsp\tinyhsp.c(818): warning C4018: '<': signed と unsigned の数値を比較しようとしました。
c:\users\dolphilia\documents\github\tinyhsp\prototype\14_tinyhsp_ex\tinyhsp\tinyhsp\tinyhsp.c(1242): warning C4090: '関数': 異なる 'const' 修飾子です。
c:\users\dolphilia\documents\github\tinyhsp\prototype\14_tinyhsp_ex\tinyhsp\tinyhsp\tinyhsp.c(1464): warning C4090: '関数': 異なる 'const' 修飾子です。
c:\users\dolphilia\documents\github\tinyhsp\prototype\14_tinyhsp_ex\tinyhsp\tinyhsp\tinyhsp.c(1778): warning C4090: '関数': 異なる 'const' 修飾子です。
c:\users\dolphilia\documents\github\tinyhsp\prototype\14_tinyhsp_ex\tinyhsp\tinyhsp\tinyhsp.c(1811): warning C4244: '関数': 'int' から 'float' への変換です。データが失われる可能性があります。
c:\users\dolphilia\documents\github\tinyhsp\prototype\14_tinyhsp_ex\tinyhsp\tinyhsp\tinyhsp.c(1834): warning C4090: '関数': 異なる 'const' 修飾子です。
c:\users\dolphilia\documents\github\tinyhsp\prototype\14_tinyhsp_ex\tinyhsp\tinyhsp\tinyhsp.c(1899): warning C4244: '=': 'double' から 'ALshort' への変換です。データが失われる可能性があります。
c:\users\dolphilia\documents\github\tinyhsp\prototype\14_tinyhsp_ex\tinyhsp\tinyhsp\tinyhsp.c(1905): warning C4244: '=': 'double' から 'ALshort' への変換です。データが失われる可能性があります。
c:\users\dolphilia\documents\github\tinyhsp\prototype\14_tinyhsp_ex\tinyhsp\tinyhsp\tinyhsp.c(1918): warning C4244: '=': 'double' から 'ALshort' への変換です。データが失われる可能性があります。
c:\users\dolphilia\documents\github\tinyhsp\prototype\14_tinyhsp_ex\tinyhsp\tinyhsp\tinyhsp.c(1921): warning C4244: '=': 'double' から 'ALshort' への変換です。データが失われる可能性があります。
c:\users\dolphilia\documents\github\tinyhsp\prototype\14_tinyhsp_ex\tinyhsp\tinyhsp\tinyhsp.c(1925): warning C4244: '=': 'double' から 'ALshort' への変換です。データが失われる可能性があります。
c:\users\dolphilia\documents\github\tinyhsp\prototype\14_tinyhsp_ex\tinyhsp\tinyhsp\tinyhsp.c(1983): warning C4244: '初期化中': 'double' から 'const int' への変換です。データが失われる可能性があります。
c:\users\dolphilia\documents\github\tinyhsp\prototype\14_tinyhsp_ex\tinyhsp\tinyhsp\tinyhsp.c(3660): warning C4244: '関数': 'double' から 'int' への変換です。データが失われる可能性があります。
c:\users\dolphilia\documents\github\tinyhsp\prototype\14_tinyhsp_ex\tinyhsp\tinyhsp\tinyhsp.c(3874): warning C4244: '関数': 'const double' から 'int' への変換です。データが失われる可能性があります。
c:\users\dolphilia\documents\github\tinyhsp\prototype\14_tinyhsp_ex\tinyhsp\tinyhsp\tinyhsp.c(5584): warning C4244: '関数': 'int' から 'float' への変換です。データが失われる可能性があります。
c:\users\dolphilia\documents\github\tinyhsp\prototype\14_tinyhsp_ex\tinyhsp\tinyhsp\tinyhsp.c(4464): warning C4716: '_aj': 値を返さなければいけません
  tinyhsp.vcxproj -> C:\Users\dolphilia\Documents\GitHub\tinyhsp\prototype\14_tinyhsp_ex\tinyhsp\Debug\tinyhsp.exe
  tinyhsp.vcxproj -> C:\Users\dolphilia\Documents\GitHub\tinyhsp\prototype\14_tinyhsp_ex\tinyhsp\Debug\tinyhsp.pdb (Partial PDB)
